Assembler report for Basic_Organ_Solution
Fri Feb 05 14:23:36 2021
Quartus II 64-Bit Version 14.1.0 Build 186 12/03/2014 SJ Web Edition


---------------------
; Table of Contents ;
---------------------
  1. Legal Notice
  2. Assembler Summary
  3. Assembler Settings
  4. Assembler Encrypted IP Cores Summary
  5. Assembler Generated Files
  6. Assembler Device Options: C:/Users/pedri/OneDrive/UBC/3 Year/Cpen 311/Labs/Lab1/Submission/Pedro_Leite_61981213_Lab_1/lab1_template_de1soc/lab1_template_de1soc/Basic_Organ_Solution.sof
  7. Assembler Messages



----------------
; Legal Notice ;
----------------
Copyright (C) 1991-2014 Altera Corporation. All rights reserved.
Your use of Altera Corporation's design tools, logic functions 
and other software and tools, and its AMPP partner logic 
functions, and any output files from any of the foregoing 
(including device programming or simulation files), and any 
associated documentation or information are expressly subject 
to the terms and conditions of the Altera Program License 
Subscription Agreement, the Altera Quartus II License Agreement,
the Altera MegaCore Function License Agreement, or other 
applicable license agreement, including, without limitation, 
that your use is for the sole purpose of programming logic 
devices manufactured by Altera and sold by Altera or its 
authorized distributors.  Please refer to the applicable 
agreement for further details.



+---------------------------------------------------------------+
; Assembler Summary                                             ;
+-----------------------+---------------------------------------+
; Assembler Status      ; Successful - Fri Feb 05 14:23:36 2021 ;
; Revision Name         ; Basic_Organ_Solution                  ;
; Top-level Entity Name ; Basic_Organ_Solution                  ;
; Family                ; Cyclone V                             ;
; Device                ; 5CSEMA5F31C6                          ;
+-----------------------+---------------------------------------+


+----------------------------------+
; Assembler Settings               ;
+--------+---------+---------------+
; Option ; Setting ; Default Value ;
+--------+---------+---------------+


+------------------------------------------------+
; Assembler Encrypted IP Cores Summary           ;
+--------+------------------------+--------------+
; Vendor ; IP Core Name           ; License Type ;
+--------+------------------------+--------------+
; Altera ; Signal Tap (6AF7 BCE1) ; Licensed     ;
; Altera ; Signal Tap (6AF7 BCEC) ; Licensed     ;
+--------+------------------------+--------------+


+----------------------------------------------------------------------------------------------------------------------------------------------------------------+
; Assembler Generated Files                                                                                                                                      ;
+----------------------------------------------------------------------------------------------------------------------------------------------------------------+
; File Name                                                                                                                                                      ;
+----------------------------------------------------------------------------------------------------------------------------------------------------------------+
; C:/Users/pedri/OneDrive/UBC/3 Year/Cpen 311/Labs/Lab1/Submission/Pedro_Leite_61981213_Lab_1/lab1_template_de1soc/lab1_template_de1soc/Basic_Organ_Solution.sof ;
+----------------------------------------------------------------------------------------------------------------------------------------------------------------+


+------------------------------------------------------------------------------------------------------------------------------------------------------------------------------------------+
; Assembler Device Options: C:/Users/pedri/OneDrive/UBC/3 Year/Cpen 311/Labs/Lab1/Submission/Pedro_Leite_61981213_Lab_1/lab1_template_de1soc/lab1_template_de1soc/Basic_Organ_Solution.sof ;
+----------------+-------------------------------------------------------------------------------------------------------------------------------------------------------------------------+
; Option         ; Setting                                                                                                                                                                 ;
+----------------+-------------------------------------------------------------------------------------------------------------------------------------------------------------------------+
; Device         ; 5CSEMA5F31C6                                                                                                                                                            ;
; JTAG usercode  ; 0x0147D6E0                                                                                                                                                              ;
; Checksum       ; 0x0147D6E0                                                                                                                                                              ;
+----------------+-------------------------------------------------------------------------------------------------------------------------------------------------------------------------+


+--------------------+
; Assembler Messages ;
+--------------------+
Info: *******************************************************************
Info: Running Quartus II 64-Bit Assembler
    Info: Version 14.1.0 Build 186 12/03/2014 SJ Web Edition
    Info: Processing started: Fri Feb 05 14:22:44 2021
Info: Command: quartus_asm --read_settings_files=off --write_settings_files=off Basic_Organ_Solution -c Basic_Organ_Solution
Info (115030): Assembler is generating device programming files
Info: Quartus II 64-Bit Assembler was successful. 0 errors, 0 warnings
    Info: Peak virtual memory: 4893 megabytes
    Info: Processing ended: Fri Feb 05 14:23:37 2021
    Info: Elapsed time: 00:00:53
    Info: Total CPU time (on all processors): 00:00:44


