Analysis & Synthesis report for simple_ipod_solution
Thu Feb 11 16:21:18 2021
Quartus II 64-Bit Version 14.1.0 Build 186 12/03/2014 SJ Web Edition


---------------------
; Table of Contents ;
---------------------
  1. Legal Notice
  2. Analysis & Synthesis Summary
  3. Analysis & Synthesis Settings
  4. Parallel Compilation
  5. Analysis & Synthesis Messages
  6. Analysis & Synthesis Suppressed Messages



----------------
; Legal Notice ;
----------------
Copyright (C) 1991-2014 Altera Corporation. All rights reserved.
Your use of Altera Corporation's design tools, logic functions 
and other software and tools, and its AMPP partner logic 
functions, and any output files from any of the foregoing 
(including device programming or simulation files), and any 
associated documentation or information are expressly subject 
to the terms and conditions of the Altera Program License 
Subscription Agreement, the Altera Quartus II License Agreement,
the Altera MegaCore Function License Agreement, or other 
applicable license agreement, including, without limitation, 
that your use is for the sole purpose of programming logic 
devices manufactured by Altera and sold by Altera or its 
authorized distributors.  Please refer to the applicable 
agreement for further details.



+--------------------------------------------------------------------------+
; Analysis & Synthesis Summary                                             ;
+-----------------------------+--------------------------------------------+
; Analysis & Synthesis Status ; Failed - Thu Feb 11 16:21:18 2021          ;
; Quartus II 64-Bit Version   ; 14.1.0 Build 186 12/03/2014 SJ Web Edition ;
; Revision Name               ; simple_ipod_solution                       ;
; Top-level Entity Name       ; simple_ipod_solution                       ;
; Family                      ; Cyclone V                                  ;
; Logic utilization (in ALMs) ; N/A until Partition Merge                  ;
; Total registers             ; N/A until Partition Merge                  ;
; Total pins                  ; N/A until Partition Merge                  ;
; Total virtual pins          ; N/A until Partition Merge                  ;
; Total block memory bits     ; N/A until Partition Merge                  ;
; Total PLLs                  ; N/A until Partition Merge                  ;
; Total DLLs                  ; N/A until Partition Merge                  ;
+-----------------------------+--------------------------------------------+


+-------------------------------------------------------------------------------------------------------------------------------+
; Analysis & Synthesis Settings                                                                                                 ;
+---------------------------------------------------------------------------------+----------------------+----------------------+
; Option                                                                          ; Setting              ; Default Value        ;
+---------------------------------------------------------------------------------+----------------------+----------------------+
; Device                                                                          ; 5CSEMA5F31C6         ;                      ;
; Top-level entity name                                                           ; simple_ipod_solution ; simple_ipod_solution ;
; Family name                                                                     ; Cyclone V            ; Cyclone IV GX        ;
; Create Debugging Nodes for IP Cores                                             ; On                   ; Off                  ;
; Preserve fewer node names                                                       ; Off                  ; On                   ;
; Verilog Show LMF Mapping Messages                                               ; On                   ;                      ;
; Verilog Version                                                                 ; SystemVerilog_2005   ; Verilog_2001         ;
; Extract Verilog State Machines                                                  ; Off                  ; On                   ;
; Extract VHDL State Machines                                                     ; Off                  ; On                   ;
; Iteration limit for non-constant Verilog loops                                  ; 5000                 ; 250                  ;
; Power-Up Don't Care                                                             ; Off                  ; On                   ;
; Auto ROM Replacement                                                            ; Off                  ; On                   ;
; Auto RAM Replacement                                                            ; Off                  ; On                   ;
; Auto Clock Enable Replacement                                                   ; Off                  ; On                   ;
; Synchronization Register Chain Length                                           ; 2                    ; 3                    ;
; Number of Inverted Registers Reported in Synthesis Report                       ; 1000                 ; 100                  ;
; SDC constraint protection                                                       ; On                   ; Off                  ;
; Use smart compilation                                                           ; Off                  ; Off                  ;
; Enable parallel Assembler and TimeQuest Timing Analyzer during compilation      ; On                   ; On                   ;
; Enable compact report table                                                     ; Off                  ; Off                  ;
; Restructure Multiplexers                                                        ; Auto                 ; Auto                 ;
; MLAB Add Timing Constraints For Mixed-Port Feed-Through Mode Setting Don't Care ; Off                  ; Off                  ;
; Disable OpenCore Plus hardware evaluation                                       ; Off                  ; Off                  ;
; VHDL Version                                                                    ; VHDL_1993            ; VHDL_1993            ;
; State Machine Processing                                                        ; Auto                 ; Auto                 ;
; Safe State Machine                                                              ; Off                  ; Off                  ;
; Ignore Verilog initial constructs                                               ; Off                  ; Off                  ;
; Iteration limit for constant Verilog loops                                      ; 5000                 ; 5000                 ;
; Add Pass-Through Logic to Inferred RAMs                                         ; On                   ; On                   ;
; Infer RAMs from Raw Logic                                                       ; On                   ; On                   ;
; Parallel Synthesis                                                              ; On                   ; On                   ;
; DSP Block Balancing                                                             ; Auto                 ; Auto                 ;
; NOT Gate Push-Back                                                              ; On                   ; On                   ;
; Remove Redundant Logic Cells                                                    ; Off                  ; Off                  ;
; Remove Duplicate Registers                                                      ; On                   ; On                   ;
; Ignore CARRY Buffers                                                            ; Off                  ; Off                  ;
; Ignore CASCADE Buffers                                                          ; Off                  ; Off                  ;
; Ignore GLOBAL Buffers                                                           ; Off                  ; Off                  ;
; Ignore ROW GLOBAL Buffers                                                       ; Off                  ; Off                  ;
; Ignore LCELL Buffers                                                            ; Off                  ; Off                  ;
; Ignore SOFT Buffers                                                             ; On                   ; On                   ;
; Limit AHDL Integers to 32 Bits                                                  ; Off                  ; Off                  ;
; Optimization Technique                                                          ; Balanced             ; Balanced             ;
; Carry Chain Length                                                              ; 70                   ; 70                   ;
; Auto Carry Chains                                                               ; On                   ; On                   ;
; Auto Open-Drain Pins                                                            ; On                   ; On                   ;
; Perform WYSIWYG Primitive Resynthesis                                           ; Off                  ; Off                  ;
; Auto DSP Block Replacement                                                      ; On                   ; On                   ;
; Auto Shift Register Replacement                                                 ; Auto                 ; Auto                 ;
; Allow Shift Register Merging across Hierarchies                                 ; Auto                 ; Auto                 ;
; Strict RAM Replacement                                                          ; Off                  ; Off                  ;
; Allow Synchronous Control Signals                                               ; On                   ; On                   ;
; Force Use of Synchronous Clear Signals                                          ; Off                  ; Off                  ;
; Auto Resource Sharing                                                           ; Off                  ; Off                  ;
; Allow Any RAM Size For Recognition                                              ; Off                  ; Off                  ;
; Allow Any ROM Size For Recognition                                              ; Off                  ; Off                  ;
; Allow Any Shift Register Size For Recognition                                   ; Off                  ; Off                  ;
; Use LogicLock Constraints during Resource Balancing                             ; On                   ; On                   ;
; Ignore translate_off and synthesis_off directives                               ; Off                  ; Off                  ;
; Timing-Driven Synthesis                                                         ; On                   ; On                   ;
; Report Parameter Settings                                                       ; On                   ; On                   ;
; Report Source Assignments                                                       ; On                   ; On                   ;
; Report Connectivity Checks                                                      ; On                   ; On                   ;
; Ignore Maximum Fan-Out Assignments                                              ; Off                  ; Off                  ;
; PowerPlay Power Optimization During Synthesis                                   ; Normal compilation   ; Normal compilation   ;
; HDL message level                                                               ; Level2               ; Level2               ;
; Suppress Register Optimization Related Messages                                 ; Off                  ; Off                  ;
; Number of Removed Registers Reported in Synthesis Report                        ; 5000                 ; 5000                 ;
; Number of Swept Nodes Reported in Synthesis Report                              ; 5000                 ; 5000                 ;
; Clock MUX Protection                                                            ; On                   ; On                   ;
; Auto Gated Clock Conversion                                                     ; Off                  ; Off                  ;
; Block Design Naming                                                             ; Auto                 ; Auto                 ;
; Synthesis Effort                                                                ; Auto                 ; Auto                 ;
; Shift Register Replacement - Allow Asynchronous Clear Signal                    ; On                   ; On                   ;
; Pre-Mapping Resynthesis Optimization                                            ; Off                  ; Off                  ;
; Analysis & Synthesis Message Level                                              ; Medium               ; Medium               ;
; Disable Register Merging Across Hierarchies                                     ; Auto                 ; Auto                 ;
; Resource Aware Inference For Block RAM                                          ; On                   ; On                   ;
; Synthesis Seed                                                                  ; 1                    ; 1                    ;
; Automatic Parallel Synthesis                                                    ; On                   ; On                   ;
; Partial Reconfiguration Bitstream ID                                            ; Off                  ; Off                  ;
+---------------------------------------------------------------------------------+----------------------+----------------------+


+------------------------------------------+
; Parallel Compilation                     ;
+----------------------------+-------------+
; Processors                 ; Number      ;
+----------------------------+-------------+
; Number detected on machine ; 8           ;
; Maximum allowed            ; 4           ;
;                            ;             ;
; Average used               ; 1.00        ;
; Maximum used               ; 1           ;
;                            ;             ;
; Usage by Processor         ; % Time Used ;
;     Processor 1            ; 100.0%      ;
;     Processors 2-8         ;   0.0%      ;
+----------------------------+-------------+


+-------------------------------+
; Analysis & Synthesis Messages ;
+-------------------------------+
Info: *******************************************************************
Info: Running Quartus II 64-Bit Analysis & Synthesis
    Info: Version 14.1.0 Build 186 12/03/2014 SJ Web Edition
    Info: Processing started: Thu Feb 11 16:21:04 2021
Info: Command: quartus_map --read_settings_files=on --write_settings_files=off simple_ipod_solution -c simple_ipod_solution
Info (11104): Parallel Compilation has detected 8 hyper-threaded processors. However, the extra hyper-threaded processors will not be used by default. Parallel Compilation will use 4 of the 4 physical processors detected instead.
Info (12021): Found 1 design units, including 1 entities, in source file flash_fsm.sv
    Info (12023): Found entity 1: FLASH_FSM
Info (12021): Found 1 design units, including 1 entities, in source file clk.sv
    Info (12023): Found entity 1: counter
Info (12021): Found 1 design units, including 1 entities, in source file addr_fsm.sv
    Info (12023): Found entity 1: ADDR_FSM
Info (12021): Found 1 design units, including 1 entities, in source file scope_capture.qxp
    Info (12023): Found entity 1: scope_capture
Info (12021): Found 1 design units, including 1 entities, in source file flash.qxp
    Info (12023): Found entity 1: flash
Info (12021): Found 1 design units, including 1 entities, in source file sevensegmentdisplaydecoder.qxp
    Info (12023): Found entity 1: SevenSegmentDisplayDecoder
Info (12021): Found 1 design units, including 1 entities, in source file var_clk_div32.qxp
    Info (12023): Found entity 1: var_clk_div32
Info (12021): Found 1 design units, including 1 entities, in source file to_slow_clk_interface.qxp
    Info (12023): Found entity 1: to_slow_clk_interface
Info (12021): Found 1 design units, including 1 entities, in source file speed_reg_control.qxp
    Info (12023): Found entity 1: speed_reg_control
Info (12021): Found 1 design units, including 1 entities, in source file lcd_scope_encapsulated_pacoblaze.qxp
    Info (12023): Found entity 1: LCD_Scope_Encapsulated_pacoblaze
Info (12021): Found 1 design units, including 1 entities, in source file audio_controller.qxp
    Info (12023): Found entity 1: audio_controller
Info (12021): Found 1 design units, including 1 entities, in source file async_trap_and_reset_gen_1_pulse.qxp
    Info (12023): Found entity 1: async_trap_and_reset_gen_1_pulse
Info (12021): Found 1 design units, including 1 entities, in source file async_trap_and_reset.qxp
    Info (12023): Found entity 1: async_trap_and_reset
Info (12021): Found 1 design units, including 1 entities, in source file simple_ipod_solution.v
    Info (12023): Found entity 1: simple_ipod_solution
Error (10734): Verilog HDL error at simple_ipod_solution.v(243): freq_11kHz is not a constant File: C:/Users/pedri/OneDrive/UBC/3 Year/Cpen 311/Labs/Lab2/New/lab2_template_de1soc/template_de1soc/simple_ipod_solution.v Line: 243
Error (10734): Verilog HDL error at simple_ipod_solution.v(267): freq_11kHz is not a constant File: C:/Users/pedri/OneDrive/UBC/3 Year/Cpen 311/Labs/Lab2/New/lab2_template_de1soc/template_de1soc/simple_ipod_solution.v Line: 267
Info (144001): Generated suppressed messages file C:/Users/pedri/OneDrive/UBC/3 Year/Cpen 311/Labs/Lab2/New/lab2_template_de1soc/template_de1soc/simple_ipod_solution.map.smsg
Error: Quartus II 64-Bit Analysis & Synthesis was unsuccessful. 2 errors, 0 warnings
    Error: Peak virtual memory: 4813 megabytes
    Error: Processing ended: Thu Feb 11 16:21:19 2021
    Error: Elapsed time: 00:00:15
    Error: Total CPU time (on all processors): 00:00:25


+------------------------------------------+
; Analysis & Synthesis Suppressed Messages ;
+------------------------------------------+
The suppressed messages can be found in C:/Users/pedri/OneDrive/UBC/3 Year/Cpen 311/Labs/Lab2/New/lab2_template_de1soc/template_de1soc/simple_ipod_solution.map.smsg.


